<?xml version="1.0" encoding="UTF-8"?>
<testsuites name="jest tests" tests="3199" failures="0" errors="0" time="21.449">
  <testsuite name="catchCert - saveDraftCache" errors="0" failures="0" skipped="0" timestamp="2026-08-10T14:32:15" time="2.774" tests="148">
    <testcase classname="catchCert - saveDraftCache save draft to session store" name="catchCert - saveDraftCache save draft to session store" time="0.002">
    </testcase>
    <testcase classname="catchCert - invalidateDraftCache invalidate draft from store" name="catchCert - invalidateDraftCache invalidate draft from store" time="0">
    </testcase>
    <testcase classname="catchCert - db related Document will return a document if a match exists" name="catchCert - db related Document will return a document if a match exists" time="0.018">
    </testcase>
    <testcase classname="catchCert - db related Document will return null if no document can be found cc" name="catchCert - db related Document will return null if no document can be found cc" time="0.002">
    </testcase>
    <testcase classname="catchCert - db related Document will return null if owner validation fails" name="catchCert - db related Document will return null if owner validation fails" time="0.002">
    </testcase>
    <testcase classname="catchCert - db related createDraft will create a new draft in the system with a randomly generated document number" name="catchCert - db related createDraft will create a new draft in the system with a randomly generated document number" time="0.005">
    </testcase>
    <testcase classname="catchCert - db related createDraft will return the document number of the created draft" name="catchCert - db related createDraft will return the document number of the created draft" time="0.002">
    </testcase>
    <testcase classname="catchCert - db related getCompletedDocuments should return completed documents with catchSubmission" name="catchCert - db related getCompletedDocuments should return completed documents with catchSubmission" time="0.004">
    </testcase>
    <testcase classname="catchCert - db related getCompletedDocuments should return completed documents without catchSubmission" name="catchCert - db related getCompletedDocuments should return completed documents without catchSubmission" time="0.003">
    </testcase>
    <testcase classname="catchCert - db related getCompletedDocuments should handle pagination correctly" name="catchCert - db related getCompletedDocuments should handle pagination correctly" time="0.013">
    </testcase>
    <testcase classname="catchCert - db related getCompletedDocuments should return documents in descending order by createdAt" name="catchCert - db related getCompletedDocuments should return documents in descending order by createdAt" time="0.003">
    </testcase>
    <testcase classname="catchCert - db related getCompletedDocuments should only return completed documents, not drafts or pending" name="catchCert - db related getCompletedDocuments should only return completed documents, not drafts or pending" time="0.003">
    </testcase>
    <testcase classname="catchCert - db related setCatchSubmissionInProgress should set catchSubmission to IN_PROGRESS for a completed document without catchSubmission" name="catchCert - db related setCatchSubmissionInProgress should set catchSubmission to IN_PROGRESS for a completed document without catchSubmission" time="0.006">
    </testcase>
    <testcase classname="catchCert - db related setCatchSubmissionInProgress should not overwrite existing catchSubmission" name="catchCert - db related setCatchSubmissionInProgress should not overwrite existing catchSubmission" time="0.003">
    </testcase>
    <testcase classname="catchCert - db related setCatchSubmissionInProgress should not update a draft document" name="catchCert - db related setCatchSubmissionInProgress should not update a draft document" time="0.003">
    </testcase>
    <testcase classname="catchCert - db related getAllCatchCertsForUserByYearAndMonth should not return draft or void certificates" name="catchCert - db related getAllCatchCertsForUserByYearAndMonth should not return draft or void certificates" time="0.004">
    </testcase>
    <testcase classname="catchCert - db related getAllCatchCertsForUserByYearAndMonth should not return pending certificates" name="catchCert - db related getAllCatchCertsForUserByYearAndMonth should not return pending certificates" time="0.002">
    </testcase>
    <testcase classname="catchCert - db related getAllCatchCertsForUserByYearAndMonth should not return locked certificates" name="catchCert - db related getAllCatchCertsForUserByYearAndMonth should not return locked certificates" time="0.003">
    </testcase>
    <testcase classname="catchCert - db related getAllCatchCertsForUserByYearAndMonth should return certificates in createdAt descending order" name="catchCert - db related getAllCatchCertsForUserByYearAndMonth should return certificates in createdAt descending order" time="0.003">
    </testcase>
    <testcase classname="catchCert - db related getAllCatchCertsForUserByYearAndMonth should return certificates for the current year and month" name="catchCert - db related getAllCatchCertsForUserByYearAndMonth should return certificates for the current year and month" time="0.002">
    </testcase>
    <testcase classname="catchCert - db related getAllCatchCertsForUserByYearAndMonth should return catchSubmission when it exists" name="catchCert - db related getAllCatchCertsForUserByYearAndMonth should return catchSubmission when it exists" time="0.002">
    </testcase>
    <testcase classname="catchCert - db related getAllCatchCertsForUserByYearAndMonth should handle multiple certificates with different catchSubmission statuses" name="catchCert - db related getAllCatchCertsForUserByYearAndMonth should handle multiple certificates with different catchSubmission statuses" time="0.004">
    </testcase>
    <testcase classname="catchCert - db related delete species will delete a species based on a species id" name="catchCert - db related delete species will delete a species based on a species id" time="0.007">
    </testcase>
    <testcase classname="catchCert - db related delete species will also work when passing a document number" name="catchCert - db related delete species will also work when passing a document number" time="0.003">
    </testcase>
    <testcase classname="catchCert - db related delete species will delete the relevant species" name="catchCert - db related delete species will delete the relevant species" time="0.004">
    </testcase>
    <testcase classname="catchCert - db related delete draft certificate should delete drafts" name="catchCert - db related delete draft certificate should delete drafts" time="0.002">
    </testcase>
    <testcase classname="catchCert - db related delete draft certificate should delete drafts when a doc number is provided" name="catchCert - db related delete draft certificate should delete drafts when a doc number is provided" time="0.001">
    </testcase>
    <testcase classname="catchCert - db related delete draft certificate should not delete anything other than catchCertificate drafts" name="catchCert - db related delete draft certificate should not delete anything other than catchCertificate drafts" time="0.004">
    </testcase>
    <testcase classname="catchCert - db related delete draft certificate should not delete anything other than drafts" name="catchCert - db related delete draft certificate should not delete anything other than drafts" time="0.002">
    </testcase>
    <testcase classname="catchCert - db related getDraftCatchCertHeadersForUser should return a draft if one is present" name="catchCert - db related getDraftCatchCertHeadersForUser should return a draft if one is present" time="0.008">
    </testcase>
    <testcase classname="catchCert - db related getDraftCatchCertHeadersForUser should return all DRAFTS for a user" name="catchCert - db related getDraftCatchCertHeadersForUser should return all DRAFTS for a user" time="0.004">
    </testcase>
    <testcase classname="catchCert - db related getDraftCatchCertHeadersForUser should return no drafts if no drafts are present" name="catchCert - db related getDraftCatchCertHeadersForUser should return no drafts if no drafts are present" time="0.002">
    </testcase>
    <testcase classname="catchCert - db related getDraftCatchCertHeadersForUser should return drafts for the specified user cc" name="catchCert - db related getDraftCatchCertHeadersForUser should return drafts for the specified user cc" time="0.004">
    </testcase>
    <testcase classname="catchCert - db related getDraftCatchCertHeadersForUser should return all DRAFTS for a user with the correct user reference" name="catchCert - db related getDraftCatchCertHeadersForUser should return all DRAFTS for a user with the correct user reference" time="0.004">
    </testcase>
    <testcase classname="catchCert - db related getDraftCatchCertHeadersForUser should return drafts in createdAt descending order" name="catchCert - db related getDraftCatchCertHeadersForUser should return drafts in createdAt descending order" time="0.002">
    </testcase>
    <testcase classname="catchCert - db related getDraftCatchCertHeadersForUser should return a pending draft if one is present" name="catchCert - db related getDraftCatchCertHeadersForUser should return a pending draft if one is present" time="0.002">
    </testcase>
    <testcase classname="catchCert - db related getDraftCatchCertHeadersForUser should return a locked draft if the certificate has been locked by admin" name="catchCert - db related getDraftCatchCertHeadersForUser should return a locked draft if the certificate has been locked by admin" time="0.002">
    </testcase>
    <testcase classname="catchCert - db related getDraftCatchCertHeadersForUser should return a failed draft if the cert has a failed online certificate" name="catchCert - db related getDraftCatchCertHeadersForUser should return a failed draft if the cert has a failed online certificate" time="0.003">
    </testcase>
    <testcase classname="catchCert - db related getDraftCatchCertHeadersForUser should return a failed draft if the cert has a failed online certificate and system errors" name="catchCert - db related getDraftCatchCertHeadersForUser should return a failed draft if the cert has a failed online certificate and system errors" time="0.003">
    </testcase>
    <testcase classname="catchCert - db related getDraftCatchCertHeadersForUser should get all system errors for this user" name="catchCert - db related getDraftCatchCertHeadersForUser should get all system errors for this user" time="0.002">
    </testcase>
    <testcase classname="catchCert - db related getDraftCatchCertHeadersForUser should return a failed draft if the cert contains system errors" name="catchCert - db related getDraftCatchCertHeadersForUser should return a failed draft if the cert contains system errors" time="0.002">
    </testcase>
    <testcase classname="catchCert - db related getDraftCatchCertHeadersForUser should not return a failed pending draft if the cert has a failed online certificate" name="catchCert - db related getDraftCatchCertHeadersForUser should not return a failed pending draft if the cert has a failed online certificate" time="0.003">
    </testcase>
    <testcase classname="catchCert - db related getDraftCatchCertHeadersForUser should return all DRAFTS for a user from cache" name="catchCert - db related getDraftCatchCertHeadersForUser should return all DRAFTS for a user from cache" time="0.001">
    </testcase>
    <testcase classname="catchCert - db related getDraftCertificateNumber should return a catch cert number for a draft" name="catchCert - db related getDraftCertificateNumber should return a catch cert number for a draft" time="0.002">
    </testcase>
    <testcase classname="catchCert - db related getDraftCertificateNumber should return undefined if certificate does not exist" name="catchCert - db related getDraftCertificateNumber should return undefined if certificate does not exist" time="0.002">
    </testcase>
    <testcase classname="catchCert - db related getDraftCertificateNumber should return the first draft if multiple drafts exist" name="catchCert - db related getDraftCertificateNumber should return the first draft if multiple drafts exist" time="0.003">
    </testcase>
    <testcase classname="catchCert - db related upsertDraftData should update an existing certificate if one exists" name="catchCert - db related upsertDraftData should update an existing certificate if one exists" time="0.005">
    </testcase>
    <testcase classname="catchCert - db related upsertDraftData should omit any undefined values" name="catchCert - db related upsertDraftData should omit any undefined values" time="0.003">
    </testcase>
    <testcase classname="catchCert - db related upsertDraftData should work with doc number when certificate already exists" name="catchCert - db related upsertDraftData should work with doc number when certificate already exists" time="0.003">
    </testcase>
    <testcase classname="catchCert - db related upsertDraftData should work when it is new certificate" name="catchCert - db related upsertDraftData should work when it is new certificate" time="0.004">
    </testcase>
    <testcase classname="catchCert - db related upsertDraftData should be able to upsert a pending certificate" name="catchCert - db related upsertDraftData should be able to upsert a pending certificate" time="0.004">
    </testcase>
    <testcase classname="catchCert - db related upsertDraftData should not be able to upsert a complete certificate" name="catchCert - db related upsertDraftData should not be able to upsert a complete certificate" time="0.003">
    </testcase>
    <testcase classname="catchCert - db related upsertDraftData should not create a new certificate" name="catchCert - db related upsertDraftData should not create a new certificate" time="0.002">
    </testcase>
    <testcase classname="catchCert - db related upsertDraftData upsert data if draft exists" name="catchCert - db related upsertDraftData upsert data if draft exists" time="0.002">
    </testcase>
    <testcase classname="catchCert - db related upsertDraftData upsert data if draft does not exist" name="catchCert - db related upsertDraftData upsert data if draft does not exist" time="0.001">
    </testcase>
    <testcase classname="catchCert - db related getDraftDataForCatchCertificate should return an empty object when no draft catch certificates exist" name="catchCert - db related getDraftDataForCatchCertificate should return an empty object when no draft catch certificates exist" time="0.002">
    </testcase>
    <testcase classname="catchCert - db related getDraftDataForCatchCertificate should return an empty object when the path doesnt exist in the draft data" name="catchCert - db related getDraftDataForCatchCertificate should return an empty object when the path doesnt exist in the draft data" time="0.003">
    </testcase>
    <testcase classname="catchCert - db related getDraftDataForCatchCertificate should return a result if the draft data exists" name="catchCert - db related getDraftDataForCatchCertificate should return a result if the draft data exists" time="0.002">
    </testcase>
    <testcase classname="catchCert - db related getDraftDataForCatchCertificate should return a default value if one is specified and no results are found" name="catchCert - db related getDraftDataForCatchCertificate should return a default value if one is specified and no results are found" time="0.001">
    </testcase>
    <testcase classname="catchCert - db related upsertConservation will convert to a back end conservation model" name="catchCert - db related upsertConservation will convert to a back end conservation model" time="0.002">
    </testcase>
    <testcase classname="catchCert - db related upsertConservation will convert to a back end conservation model with document number" name="catchCert - db related upsertConservation will convert to a back end conservation model with document number" time="0.003">
    </testcase>
    <testcase classname="catchCert - db related upsertLandingsEntryOption will upsert a landingsEntryOption to the correct document" name="catchCert - db related upsertLandingsEntryOption will upsert a landingsEntryOption to the correct document" time="0.003">
    </testcase>
    <testcase classname="catchCert - db related upsertTransportDetails will convert to a back end transport model" name="catchCert - db related upsertTransportDetails will convert to a back end transport model" time="0.004">
    </testcase>
    <testcase classname="catchCert - db related removeTranportationDetails will remove the transportation details" name="catchCert - db related removeTranportationDetails will remove the transportation details" time="0.005">
    </testcase>
    <testcase classname="catchCert - db related getExportPayload should return null if there is no draft" name="catchCert - db related getExportPayload should return null if there is no draft" time="0.001">
    </testcase>
    <testcase classname="catchCert - db related getExportPayload should return null if the draft has no products" name="catchCert - db related getExportPayload should return null if the draft has no products" time="0.001">
    </testcase>
    <testcase classname="catchCert - db related getExportPayload should map and return products if they exist" name="catchCert - db related getExportPayload should map and return products if they exist" time="0.002">
    </testcase>
    <testcase classname="catchCert - db related getExportPayload should be able to work with a document number" name="catchCert - db related getExportPayload should be able to work with a document number" time="0.001">
    </testcase>
    <testcase classname="catchCert - db related getExportPayload should use pre-fetched draft and not call getDraft" name="catchCert - db related getExportPayload should use pre-fetched draft and not call getDraft" time="0.001">
    </testcase>
    <testcase classname="catchCert - db related getDirectExportPayload should return null if there is no draft" name="catchCert - db related getDirectExportPayload should return null if there is no draft" time="0.001">
    </testcase>
    <testcase classname="catchCert - db related getDirectExportPayload should return null if the draft has no products" name="catchCert - db related getDirectExportPayload should return null if the draft has no products" time="0.001">
    </testcase>
    <testcase classname="catchCert - db related getDirectExportPayload should map and return products if they exist" name="catchCert - db related getDirectExportPayload should map and return products if they exist" time="0.001">
    </testcase>
    <testcase classname="catchCert - db related getDirectExportPayload should be able to work with a document number" name="catchCert - db related getDirectExportPayload should be able to work with a document number" time="0.001">
    </testcase>
    <testcase classname="catchCert - db related getExportLocation should return null if there is no draft" name="catchCert - db related getExportLocation should return null if there is no draft" time="0.001">
    </testcase>
    <testcase classname="catchCert - db related getExportLocation should return null if the draft has no transportation" name="catchCert - db related getExportLocation should return null if the draft has no transportation" time="0.001">
    </testcase>
    <testcase classname="catchCert - db related getExportLocation should map and return export location if transportation exists" name="catchCert - db related getExportLocation should map and return export location if transportation exists" time="0.001">
    </testcase>
    <testcase classname="catchCert - db related getExportLocation should map and return export location when provived with a document number" name="catchCert - db related getExportLocation should map and return export location when provived with a document number" time="0.001">
    </testcase>
    <testcase classname="catchCert - db related getExportLocation should use pre-fetched draft and not call getDraft" name="catchCert - db related getExportLocation should use pre-fetched draft and not call getDraft" time="0">
    </testcase>
    <testcase classname="catchCert - db related getTransportDetails should return null if there is no draft" name="catchCert - db related getTransportDetails should return null if there is no draft" time="0.001">
    </testcase>
    <testcase classname="catchCert - db related getTransportDetails should return null if the draft has no transportation" name="catchCert - db related getTransportDetails should return null if the draft has no transportation" time="0.001">
    </testcase>
    <testcase classname="catchCert - db related getTransportDetails should map and return transport if transportation exists" name="catchCert - db related getTransportDetails should map and return transport if transportation exists" time="0">
    </testcase>
    <testcase classname="catchCert - db related upsertExportPayload should map and save the data" name="catchCert - db related upsertExportPayload should map and save the data" time="0.005">
    </testcase>
    <testcase classname="catchCert - db related upsertExportPayload should map and save the data when a document number is provided" name="catchCert - db related upsertExportPayload should map and save the data when a document number is provided" time="0.004">
    </testcase>
    <testcase classname="catchCert - db related upsertExportLocation should update exportData.transportation" name="catchCert - db related upsertExportLocation should update exportData.transportation" time="0.004">
    </testcase>
    <testcase classname="catchCert - db related upsertExportLocation should update exportData.transportation with a document number" name="catchCert - db related upsertExportLocation should update exportData.transportation with a document number" time="0.003">
    </testcase>
    <testcase classname="catchCert - db related getDraft should call the findOne mongoose method with the correct parameters" name="catchCert - db related getDraft should call the findOne mongoose method with the correct parameters" time="0.001">
    </testcase>
    <testcase classname="catchCert - db related getDraft should be able to fetch by documentNumber" name="catchCert - db related getDraft should be able to fetch by documentNumber" time="0.001">
    </testcase>
    <testcase classname="catchCert - db related getDraft cache returns empty" name="catchCert - db related getDraft cache returns empty" time="0.001">
    </testcase>
    <testcase classname="catchCert - db related getDraft cache returns object" name="catchCert - db related getDraft cache returns object" time="0.001">
    </testcase>
    <testcase classname="catchCert - db related getDraft should return null when owner validation fails" name="catchCert - db related getDraft should return null when owner validation fails" time="0">
    </testcase>
    <testcase classname="catchCert - db related updateCertificateStatus should mark a draft cert as pending" name="catchCert - db related updateCertificateStatus should mark a draft cert as pending" time="0.003">
    </testcase>
    <testcase classname="catchCert - db related updateCertificateStatus should mark a pending cert as complete" name="catchCert - db related updateCertificateStatus should mark a pending cert as complete" time="0.003">
    </testcase>
    <testcase classname="catchCert - db related updateCertificateStatus should mark a pending cert as draft" name="catchCert - db related updateCertificateStatus should mark a pending cert as draft" time="0.003">
    </testcase>
    <testcase classname="catchCert - db related updateCertificateStatus should not modify a complete certificate" name="catchCert - db related updateCertificateStatus should not modify a complete certificate" time="0.002">
    </testcase>
    <testcase classname="catchCert - db related updateCertificateStatus should not upsert if no document is found" name="catchCert - db related updateCertificateStatus should not upsert if no document is found" time="0.001">
    </testcase>
    <testcase classname="catchCert - db related updateCertificateStatus should invalidate the cache for draft documents" name="catchCert - db related updateCertificateStatus should invalidate the cache for draft documents" time="0.005">
    </testcase>
    <testcase classname="catchCert - db related getCertificateStatus should return the status of a document" name="catchCert - db related getCertificateStatus should return the status of a document" time="0.001">
    </testcase>
    <testcase classname="catchCert - db related getCertificateStatus should not return a status if no document is found" name="catchCert - db related getCertificateStatus should not return a status if no document is found" time="0.001">
    </testcase>
    <testcase classname="catchCert - db related completeDraft should complete a draft certificate" name="catchCert - db related completeDraft should complete a draft certificate" time="0.014">
    </testcase>
    <testcase classname="catchCert - db related completeDraft should complete a pending certificate" name="catchCert - db related completeDraft should complete a pending certificate" time="0.008">
    </testcase>
    <testcase classname="catchCert - db related completeDraft should do nothing to a complete certificate" name="catchCert - db related completeDraft should do nothing to a complete certificate" time="0.007">
    </testcase>
    <testcase classname="catchCert - db related completeDraft should not upsert if no document is found" name="catchCert - db related completeDraft should not upsert if no document is found" time="0.002">
    </testcase>
    <testcase classname="catchCert - db related completeDraft should invalidate the cache for draft documents" name="catchCert - db related completeDraft should invalidate the cache for draft documents" time="0.003">
    </testcase>
    <testcase classname="catchCert - db related getSpecies should return null if there is no draft" name="catchCert - db related getSpecies should return null if there is no draft" time="0.002">
    </testcase>
    <testcase classname="catchCert - db related getSpecies should map and return products if they exist" name="catchCert - db related getSpecies should map and return products if they exist" time="0.001">
    </testcase>
    <testcase classname="catchCert - db related getSpecies return products if we provide a documentNumber" name="catchCert - db related getSpecies return products if we provide a documentNumber" time="0.001">
    </testcase>
    <testcase classname="catchCert - db related upsertSpecies should map and save the data" name="catchCert - db related upsertSpecies should map and save the data" time="0.006">
    </testcase>
    <testcase classname="catchCert - db related upsertSpecies should be able to take in a document number" name="catchCert - db related upsertSpecies should be able to take in a document number" time="0.005">
    </testcase>
    <testcase classname="catchCert - db related upsertSpecies getConservation should return null if there is no draft" name="catchCert - db related upsertSpecies getConservation should return null if there is no draft" time="0.001">
    </testcase>
    <testcase classname="catchCert - db related upsertSpecies getConservation should return null if the draft has no conservation" name="catchCert - db related upsertSpecies getConservation should return null if the draft has no conservation" time="0.001">
    </testcase>
    <testcase classname="catchCert - db related upsertSpecies getConservation should map and return a conservation if the draft has one" name="catchCert - db related upsertSpecies getConservation should map and return a conservation if the draft has one" time="0.001">
    </testcase>
    <testcase classname="catchCert - db related upsertSpecies getConservation should map and return a conservation when given a document number" name="catchCert - db related upsertSpecies getConservation should map and return a conservation when given a document number" time="0.001">
    </testcase>
    <testcase classname="catchCert - db related upsertSpecies getConservation should use pre-fetched draft and not call getDraft" name="catchCert - db related upsertSpecies getConservation should use pre-fetched draft and not call getDraft" time="0.001">
    </testcase>
    <testcase classname="catchCert - db related upsertSpecies upsertExporterDetails will convert to a back end conservation model" name="catchCert - db related upsertSpecies upsertExporterDetails will convert to a back end conservation model" time="0.005">
    </testcase>
    <testcase classname="catchCert - db related upsertSpecies upsertExporterDetails will work with a document number" name="catchCert - db related upsertSpecies upsertExporterDetails will work with a document number" time="0.004">
    </testcase>
    <testcase classname="catchCert - db related upsertSpecies getExporterDetails will return null if no draft is found" name="catchCert - db related upsertSpecies getExporterDetails will return null if no draft is found" time="0.001">
    </testcase>
    <testcase classname="catchCert - db related upsertSpecies getExporterDetails will return null if the draft has no exporter" name="catchCert - db related upsertSpecies getExporterDetails will return null if the draft has no exporter" time="0.001">
    </testcase>
    <testcase classname="catchCert - db related upsertSpecies getExporterDetails will return a mapped exporter if the draft has an exporter" name="catchCert - db related upsertSpecies getExporterDetails will return a mapped exporter if the draft has an exporter" time="0.001">
    </testcase>
    <testcase classname="catchCert - db related upsertSpecies getExporterDetails will fetch exporter details by documentNumber" name="catchCert - db related upsertSpecies getExporterDetails will fetch exporter details by documentNumber" time="0.001">
    </testcase>
    <testcase classname="catchCert - db related upsertSpecies getExporterDetails should use pre-fetched draft and not call getDraft" name="catchCert - db related upsertSpecies getExporterDetails should use pre-fetched draft and not call getDraft" time="0.001">
    </testcase>
    <testcase classname="catchCert - db related upsertSpecies upsertUserReference will upsert a user reference and invalidate cache" name="catchCert - db related upsertSpecies upsertUserReference will upsert a user reference and invalidate cache" time="0.005">
    </testcase>
    <testcase classname="catchCert - db related upsertSpecies upsertUserReference will upsert a user reference and invalidate DRAFT headers for user cache" name="catchCert - db related upsertSpecies upsertUserReference will upsert a user reference and invalidate DRAFT headers for user cache" time="0.001">
    </testcase>
    <testcase classname="catchCert - db related cloneCatchCertificate will throw an error if the cc can not be found" name="catchCert - db related cloneCatchCertificate will throw an error if the cc can not be found" time="0.012">
    </testcase>
    <testcase classname="catchCert - db related cloneCatchCertificate will return the document number of the newly created copy" name="catchCert - db related cloneCatchCertificate will return the document number of the newly created copy" time="0.005">
    </testcase>
    <testcase classname="catchCert - db related cloneCatchCertificate will clone an existing cc" name="catchCert - db related cloneCatchCertificate will clone an existing cc" time="0.004">
    </testcase>
    <testcase classname="catchCert - db related cloneCatchCertificate will return the document number of newly created copy when Products array is empty" name="catchCert - db related cloneCatchCertificate will return the document number of newly created copy when Products array is empty" time="0.006">
    </testcase>
    <testcase classname="catchCert - db related cloneCatchCertificate Will Throw an error when something goes wrong while newly creating a copy" name="catchCert - db related cloneCatchCertificate Will Throw an error when something goes wrong while newly creating a copy" time="0.004">
    </testcase>
    <testcase classname="catchCert - db related cloneCatchCertificate will return the document number of newly created copy even when scientifcName is already there in the product" name="catchCert - db related cloneCatchCertificate will return the document number of newly created copy even when scientifcName is already there in the product" time="0.003">
    </testcase>
    <testcase classname="catchCert - db related cloneCatchCertificate updateProductScientificName will be called when product is present" name="catchCert - db related cloneCatchCertificate updateProductScientificName will be called when product is present" time="0.005">
    </testcase>
    <testcase classname="catchCert - db related cloneCatchCertificate will return the document number of newly created copy when scientificName is not present in the product" name="catchCert - db related cloneCatchCertificate will return the document number of newly created copy when scientificName is not present in the product" time="0.003">
    </testcase>
    <testcase classname="catchCert - db related cloneCatchCertificate will not link the clone with the original - changes to one do not effect the other" name="catchCert - db related cloneCatchCertificate will not link the clone with the original - changes to one do not effect the other" time="0.008">
    </testcase>
    <testcase classname="catchCert - db related voidCatchCertificate will void the Catch Certificate matching the given document number" name="catchCert - db related voidCatchCertificate will void the Catch Certificate matching the given document number" time="0.001">
    </testcase>
    <testcase classname="catchCert - db related voidCatchCertificate will throw an error if the Catch Certificate can not be void" name="catchCert - db related voidCatchCertificate will throw an error if the Catch Certificate can not be void" time="0.001">
    </testcase>
    <testcase classname="catchCert - db related checkDocument will return a document if a match exists" name="catchCert - db related checkDocument will return a document if a match exists" time="0.002">
    </testcase>
    <testcase classname="catchCert - db related checkDocument will return false when user has more that allowable amount of DRAFT documents" name="catchCert - db related checkDocument will return false when user has more that allowable amount of DRAFT documents" time="0.003">
    </testcase>
    <testcase classname="catchCert - db related checkDocument will return false if no document can be found" name="catchCert - db related checkDocument will return false if no document can be found" time="0.001">
    </testcase>
    <testcase classname="catchCert - db related checkDocument will return null if owner validation fails" name="catchCert - db related checkDocument will return null if owner validation fails" time="0.002">
    </testcase>
    <testcase classname="catchCert - db related getDraftCache return cached object" name="catchCert - db related getDraftCache return cached object" time="0.001">
    </testcase>
    <testcase classname="catchCert - db related getDraftCache return undefined on empty cache" name="catchCert - db related getDraftCache return undefined on empty cache" time="0.001">
    </testcase>
    <testcase classname="getLandingsEntryOption will return undefined if there is no draft" name="getLandingsEntryOption will return undefined if there is no draft" time="0.001">
    </testcase>
    <testcase classname="getLandingsEntryOption will return undefined if there is no exportData" name="getLandingsEntryOption will return undefined if there is no exportData" time="0">
    </testcase>
    <testcase classname="getLandingsEntryOption will return undefined if there is no exportData.landingsEntryOption" name="getLandingsEntryOption will return undefined if there is no exportData.landingsEntryOption" time="0">
    </testcase>
    <testcase classname="getLandingsEntryOption will return the correct value if there is a exportData.landingsEntryOption" name="getLandingsEntryOption will return the correct value if there is a exportData.landingsEntryOption" time="0">
    </testcase>
    <testcase classname="getLandingsEntryOption should use pre-fetched draft and not call getDraft" name="getLandingsEntryOption should use pre-fetched draft and not call getDraft" time="0">
    </testcase>
    <testcase classname="constructOwnerQuery will return createdBy &amp; contactId if userPrincipal &amp; contactId are provided" name="constructOwnerQuery will return createdBy &amp; contactId if userPrincipal &amp; contactId are provided" time="0">
    </testcase>
    <testcase classname="constructOwnerQuery will return contactId if contactId is provided" name="constructOwnerQuery will return contactId if contactId is provided" time="0.001">
    </testcase>
    <testcase classname="constructOwnerQuery will return createdBy if contactId is not provided" name="constructOwnerQuery will return createdBy if contactId is not provided" time="0">
    </testcase>
    <testcase classname="constructOwnerQuery will throw exception if contactID is not provided" name="constructOwnerQuery will throw exception if contactID is not provided" time="0.011">
    </testcase>
  </testsuite>
  <testsuite name="exporter-payload routes" errors="0" failures="0" skipped="0" timestamp="2026-08-10T14:32:18" time="0.649" tests="100">
    <testcase classname="exporter-payload routes GET /v1/export-certificates/landings-type should return 400 if not catch cert" name="exporter-payload routes GET /v1/export-certificates/landings-type should return 400 if not catch cert" time="0.004">
    </testcase>
    <testcase classname="exporter-payload routes GET /v1/export-certificates/landings-type should return 403 user is not valid" name="exporter-payload routes GET /v1/export-certificates/landings-type should return 403 user is not valid" time="0">
    </testcase>
    <testcase classname="exporter-payload routes GET /v1/export-certificates/landings-type should return 500 of there is an error" name="exporter-payload routes GET /v1/export-certificates/landings-type should return 500 of there is an error" time="0.01">
    </testcase>
    <testcase classname="exporter-payload routes GET /v1/export-certificates/landings-type should return 200 and isDirect if direct landing" name="exporter-payload routes GET /v1/export-certificates/landings-type should return 200 and isDirect if direct landing" time="0.001">
    </testcase>
    <testcase classname="exporter-payload routes GET /v1/export-certificates/landings-type should return 200 and notDirect if is not direct landing" name="exporter-payload routes GET /v1/export-certificates/landings-type should return 200 and notDirect if is not direct landing" time="0">
    </testcase>
    <testcase classname="exporter-payload routes GET /v1/export-certificates/landings-type should return 200 and emptyData if no landings found" name="exporter-payload routes GET /v1/export-certificates/landings-type should return 200 and emptyData if no landings found" time="0.001">
    </testcase>
    <testcase classname="exporter-payload routes GET /v1/export-certificates/landings-type should return 403 no valid user" name="exporter-payload routes GET /v1/export-certificates/landings-type should return 403 no valid user" time="0">
    </testcase>
    <testcase classname="exporter-payload routes POST /v1/export-certificates/landings-type should return 200 with landings options entry" name="exporter-payload routes POST /v1/export-certificates/landings-type should return 200 with landings options entry" time="0.002">
    </testcase>
    <testcase classname="exporter-payload routes POST /v1/export-certificates/landings-type when landings entry option is direct landing should return 200 with landings options entry" name="exporter-payload routes POST /v1/export-certificates/landings-type when landings entry option is direct landing should return 200 with landings options entry" time="0.001">
    </testcase>
    <testcase classname="exporter-payload routes POST /v1/export-certificates/landings-type when landings entry option is upload entry should return 200 with landings options entry" name="exporter-payload routes POST /v1/export-certificates/landings-type when landings entry option is upload entry should return 200 with landings options entry" time="0.001">
    </testcase>
    <testcase classname="exporter-payload routes POST /v1/export-certificates/landings-type when landings entry option is invalid should return 400" name="exporter-payload routes POST /v1/export-certificates/landings-type when landings entry option is invalid should return 400" time="0.001">
    </testcase>
    <testcase classname="exporter-payload routes POST /v1/export-certificates/landings-type should return 400 if user is valid and payload is missing" name="exporter-payload routes POST /v1/export-certificates/landings-type should return 400 if user is valid and payload is missing" time="0.001">
    </testcase>
    <testcase classname="exporter-payload routes POST /v1/export-certificates/landings-type should return 403 if user is not valid" name="exporter-payload routes POST /v1/export-certificates/landings-type should return 403 if user is not valid" time="0.001">
    </testcase>
    <testcase classname="exporter-payload routes POST /v1/export-certificates/landings-type should return 500 if there is an error" name="exporter-payload routes POST /v1/export-certificates/landings-type should return 500 if there is an error" time="0">
    </testcase>
    <testcase classname="exporter-payload routes POST /v1/export-certificates/landing/validate should return 400 for a request payload containing an invalid FAO area" name="exporter-payload routes POST /v1/export-certificates/landing/validate should return 400 for a request payload containing an invalid FAO area" time="0.004">
    </testcase>
    <testcase classname="exporter-payload routes POST /v1/export-certificates/landing/validate should return 400 for a request payload containing a FAO area not on the list of areas" name="exporter-payload routes POST /v1/export-certificates/landing/validate should return 400 for a request payload containing a FAO area not on the list of areas" time="0.001">
    </testcase>
    <testcase classname="exporter-payload routes POST /v1/export-certificates/landing/validate should return 400 for a request payload containing a start date after the dateLanded" name="exporter-payload routes POST /v1/export-certificates/landing/validate should return 400 for a request payload containing a start date after the dateLanded" time="0.001">
    </testcase>
    <testcase classname="exporter-payload routes POST /v1/export-certificates/landing/validate should return 400 for a request payload containing an invalid start date" name="exporter-payload routes POST /v1/export-certificates/landing/validate should return 400 for a request payload containing an invalid start date" time="0.001">
    </testcase>
    <testcase classname="exporter-payload routes POST /v1/export-certificates/landing/validate should return 400 for a request payload containing a non-existent start date" name="exporter-payload routes POST /v1/export-certificates/landing/validate should return 400 for a request payload containing a non-existent start date" time="0.001">
    </testcase>
    <testcase classname="exporter-payload routes POST /v1/export-certificates/landing/validate should return 400 for a request payload containing an incomplete start date" name="exporter-payload routes POST /v1/export-certificates/landing/validate should return 400 for a request payload containing an incomplete start date" time="0.001">
    </testcase>
    <testcase classname="exporter-payload routes POST /v1/export-certificates/landing/validate should return 403 user is not valid" name="exporter-payload routes POST /v1/export-certificates/landing/validate should return 403 user is not valid" time="0.001">
    </testcase>
    <testcase classname="exporter-payload routes POST /v1/export-certificates/landing/validate should return 500 of there is an error" name="exporter-payload routes POST /v1/export-certificates/landing/validate should return 500 of there is an error" time="0">
    </testcase>
    <testcase classname="exporter-payload routes POST /v1/export-certificates/landing/validate should return 500 user is no valid and no valid payload" name="exporter-payload routes POST /v1/export-certificates/landing/validate should return 500 user is no valid and no valid payload" time="0.001">
    </testcase>
    <testcase classname="exporter-payload routes POST /v1/export-certificates/landing/validate should return 200 user is valid and valid payload" name="exporter-payload routes POST /v1/export-certificates/landing/validate should return 200 user is valid and valid payload" time="0.001">
    </testcase>
    <testcase classname="exporter-payload routes POST /v1/export-certificates/landing/validate should return 200 for a request payload containing a start date equal to the dateLanded" name="exporter-payload routes POST /v1/export-certificates/landing/validate should return 200 for a request payload containing a start date equal to the dateLanded" time="0.001">
    </testcase>
    <testcase classname="exporter-payload routes POST /v1/export-certificates/landing/validate should return 200 for a request payload containing a start date before the dateLanded" name="exporter-payload routes POST /v1/export-certificates/landing/validate should return 200 for a request payload containing a start date before the dateLanded" time="0.001">
    </testcase>
    <testcase classname="exporter-payload routes POST /v1/export-certificates/landing/validate should return 400 not containing a Gear Category and containing a Gear Type after the dateLanded" name="exporter-payload routes POST /v1/export-certificates/landing/validate should return 400 not containing a Gear Category and containing a Gear Type after the dateLanded" time="0">
    </testcase>
    <testcase classname="exporter-payload routes POST /v1/export-certificates/landing/validate should return 400 when startDate is missing (required field)" name="exporter-payload routes POST /v1/export-certificates/landing/validate should return 400 when startDate is missing (required field)" time="0.001">
    </testcase>
    <testcase classname="exporter-payload routes POST /v1/export-certificates/landing/validate should return 400 when gearCategory is missing (required field)" name="exporter-payload routes POST /v1/export-certificates/landing/validate should return 400 when gearCategory is missing (required field)" time="0.001">
    </testcase>
    <testcase classname="exporter-payload routes POST /v1/export-certificates/landing/validate should return 400 when gearCategory is empty string (required field)" name="exporter-payload routes POST /v1/export-certificates/landing/validate should return 400 when gearCategory is empty string (required field)" time="0.001">
    </testcase>
    <testcase classname="exporter-payload routes POST /v1/export-certificates/landing/validate should return 400 when gearType is missing (required field)" name="exporter-payload routes POST /v1/export-certificates/landing/validate should return 400 when gearType is missing (required field)" time="0.001">
    </testcase>
    <testcase classname="exporter-payload routes POST /v1/export-certificates/landing/validate should return 400 when gearType is empty string (required field)" name="exporter-payload routes POST /v1/export-certificates/landing/validate should return 400 when gearType is empty string (required field)" time="0">
    </testcase>
    <testcase classname="exporter-payload routes POST /v1/export-certificates/landing/validate should return 400 when highSeasArea is missing (required field)" name="exporter-payload routes POST /v1/export-certificates/landing/validate should return 400 when highSeasArea is missing (required field)" time="0.001">
    </testcase>
    <testcase classname="exporter-payload routes POST /v1/export-certificates/landing/validate should return 400 when highSeasArea has invalid value (must be Yes or No)" name="exporter-payload routes POST /v1/export-certificates/landing/validate should return 400 when highSeasArea has invalid value (must be Yes or No)" time="0">
    </testcase>
    <testcase classname="exporter-payload routes POST /v1/export-certificates/landing/validate should return 400 when highSeasArea is No but exclusiveEconomicZones is missing" name="exporter-payload routes POST /v1/export-certificates/landing/validate should return 400 when highSeasArea is No but exclusiveEconomicZones is missing" time="0.001">
    </testcase>
    <testcase classname="exporter-payload routes POST /v1/export-certificates/landing/validate should return 400 when highSeasArea is No but exclusiveEconomicZones is empty array" name="exporter-payload routes POST /v1/export-certificates/landing/validate should return 400 when highSeasArea is No but exclusiveEconomicZones is empty array" time="0.001">
    </testcase>
    <testcase classname="exporter-payload routes POST /v1/export-certificates/landing/validate should return 200 when highSeasArea is Yes and exclusiveEconomicZones is not provided" name="exporter-payload routes POST /v1/export-certificates/landing/validate should return 200 when highSeasArea is Yes and exclusiveEconomicZones is not provided" time="0.001">
    </testcase>
    <testcase classname="exporter-payload routes POST /v1/export-certificates/landing/validate should return 200 when all required fields are provided correctly" name="exporter-payload routes POST /v1/export-certificates/landing/validate should return 200 when all required fields are provided correctly" time="0">
    </testcase>
    <testcase classname="exporter-payload routes POST /v1/export-certificates/direct-landing/validate should return 400 for a request payload containing an invalid FAO area" name="exporter-payload routes POST /v1/export-certificates/direct-landing/validate should return 400 for a request payload containing an invalid FAO area" time="0.002">
    </testcase>
    <testcase classname="exporter-payload routes POST /v1/export-certificates/direct-landing/validate should return 400 for a request payload missing a start date" name="exporter-payload routes POST /v1/export-certificates/direct-landing/validate should return 400 for a request payload missing a start date" time="0">
    </testcase>
    <testcase classname="exporter-payload routes POST /v1/export-certificates/direct-landing/validate should return 400 for a request payload missing high seas" name="exporter-payload routes POST /v1/export-certificates/direct-landing/validate should return 400 for a request payload missing high seas" time="0.001">
    </testcase>
    <testcase classname="exporter-payload routes POST /v1/export-certificates/direct-landing/validate should return 400 for a request payload when high seas &apos;no&apos; and exclusive economic zones are empty" name="exporter-payload routes POST /v1/export-certificates/direct-landing/validate should return 400 for a request payload when high seas &apos;no&apos; and exclusive economic zones are empty" time="0">
    </testcase>
    <testcase classname="exporter-payload routes POST /v1/export-certificates/direct-landing/validate should return 200 for a request payload when high seas &apos;yes&apos; and exclusive economic zones are empty" name="exporter-payload routes POST /v1/export-certificates/direct-landing/validate should return 200 for a request payload when high seas &apos;yes&apos; and exclusive economic zones are empty" time="0">
    </testcase>
    <testcase classname="exporter-payload routes POST /v1/export-certificates/direct-landing/validate should return 200 for a request payload when high seas &apos;no&apos; and exclusive economic zones has an empty official country name" name="exporter-payload routes POST /v1/export-certificates/direct-landing/validate should return 200 for a request payload when high seas &apos;no&apos; and exclusive economic zones has an empty official country name" time="0.001">
    </testcase>
    <testcase classname="exporter-payload routes POST /v1/export-certificates/direct-landing/validate should return 400 for a request payload when high seas &apos;no&apos; and exclusive economic zones has an empty official country name" name="exporter-payload routes POST /v1/export-certificates/direct-landing/validate should return 400 for a request payload when high seas &apos;no&apos; and exclusive economic zones has an empty official country name" time="0">
    </testcase>
    <testcase classname="exporter-payload routes POST /v1/export-certificates/direct-landing/validate should return 400 for a request payload when high seas &apos;no&apos; and exclusive economic zones is invalid" name="exporter-payload routes POST /v1/export-certificates/direct-landing/validate should return 400 for a request payload when high seas &apos;no&apos; and exclusive economic zones is invalid" time="0.001">
    </testcase>
    <testcase classname="exporter-payload routes POST /v1/export-certificates/direct-landing/validate should return 400 for a request payload when high seas &apos;no&apos; and exclusive economic zones is invalid and missing st" name="exporter-payload routes POST /v1/export-certificates/direct-landing/validate should return 400 for a request payload when high seas &apos;no&apos; and exclusive economic zones is invalid and missing st" time="0.001">
    </testcase>
    <testcase classname="exporter-payload routes POST /v1/export-certificates/direct-landing/validate should return 400 for a request payload containing a FAO area not on the list of areas" name="exporter-payload routes POST /v1/export-certificates/direct-landing/validate should return 400 for a request payload containing a FAO area not on the list of areas" time="0.001">
    </testcase>
    <testcase classname="exporter-payload routes POST /v1/export-certificates/direct-landing/validate should return 400 for a request payload containing a start date after the dateLanded" name="exporter-payload routes POST /v1/export-certificates/direct-landing/validate should return 400 for a request payload containing a start date after the dateLanded" time="0">
    </testcase>
    <testcase classname="exporter-payload routes POST /v1/export-certificates/direct-landing/validate should return 400 for a request payload containing an invalid start date" name="exporter-payload routes POST /v1/export-certificates/direct-landing/validate should return 400 for a request payload containing an invalid start date" time="0">
    </testcase>
    <testcase classname="exporter-payload routes POST /v1/export-certificates/direct-landing/validate should return 400 for a request payload containing a date landed without a year" name="exporter-payload routes POST /v1/export-certificates/direct-landing/validate should return 400 for a request payload containing a date landed without a year" time="0.001">
    </testcase>
    <testcase classname="exporter-payload routes POST /v1/export-certificates/direct-landing/validate should return 403 user is not valid" name="exporter-payload routes POST /v1/export-certificates/direct-landing/validate should return 403 user is not valid" time="0.001">
    </testcase>
    <testcase classname="exporter-payload routes POST /v1/export-certificates/direct-landing/validate should return 500 of there is an error" name="exporter-payload routes POST /v1/export-certificates/direct-landing/validate should return 500 of there is an error" time="0">
    </testcase>
    <testcase classname="exporter-payload routes POST /v1/export-certificates/direct-landing/validate should return 500 user is no valid and no valid payload" name="exporter-payload routes POST /v1/export-certificates/direct-landing/validate should return 500 user is no valid and no valid payload" time="0.001">
    </testcase>
    <testcase classname="exporter-payload routes POST /v1/export-certificates/direct-landing/validate should return 200 user is valid and valid payload" name="exporter-payload routes POST /v1/export-certificates/direct-landing/validate should return 200 user is valid and valid payload" time="0">
    </testcase>
    <testcase classname="exporter-payload routes POST /v1/export-certificates/direct-landing/validate should return 200 for a request payload containing a start date equal to the dateLanded" name="exporter-payload routes POST /v1/export-certificates/direct-landing/validate should return 200 for a request payload containing a start date equal to the dateLanded" time="0">
    </testcase>
    <testcase classname="exporter-payload routes POST /v1/export-certificates/direct-landing/validate should return 200 for a request payload containing a start date before the dateLanded" name="exporter-payload routes POST /v1/export-certificates/direct-landing/validate should return 200 for a request payload containing a start date before the dateLanded" time="0">
    </testcase>
    <testcase classname="exporter-payload routes POST /v1/export-certificates/direct-landing/validate should return 400 for a request payload not contain gear category and contain type an invalid gear category" name="exporter-payload routes POST /v1/export-certificates/direct-landing/validate should return 400 for a request payload not contain gear category and contain type an invalid gear category" time="0.004">
    </testcase>
    <testcase classname="exporter-payload routes POST /v1/export-certificates/direct-landing/validate should return 400 for a request payload not containing gear type" name="exporter-payload routes POST /v1/export-certificates/direct-landing/validate should return 400 for a request payload not containing gear type" time="0.001">
    </testcase>
    <testcase classname="exporter-payload routes POST /v1/export-certificates/direct-landing/validate should return 400 for a request payload not containing gear category" name="exporter-payload routes POST /v1/export-certificates/direct-landing/validate should return 400 for a request payload not containing gear category" time="0.001">
    </testcase>
    <testcase classname="exporter-payload routes POST /v1/export-certificates/export-payload/product should return 403 user is not valid" name="exporter-payload routes POST /v1/export-certificates/export-payload/product should return 403 user is not valid" time="0">
    </testcase>
    <testcase classname="exporter-payload routes POST /v1/export-certificates/export-payload/product should return 500 of there is an error" name="exporter-payload routes POST /v1/export-certificates/export-payload/product should return 500 of there is an error" time="0.001">
    </testcase>
    <testcase classname="exporter-payload routes POST /v1/export-certificates/export-payload/product should return 400 user is no valid and no valid payload" name="exporter-payload routes POST /v1/export-certificates/export-payload/product should return 400 user is no valid and no valid payload" time="0">
    </testcase>
    <testcase classname="exporter-payload routes POST /v1/export-certificates/export-payload/product should return 200 user is valid" name="exporter-payload routes POST /v1/export-certificates/export-payload/product should return 200 user is valid" time="0.001">
    </testcase>
    <testcase classname="exporter-payload routes GET /v1/export-certificates/export-payload should return 403 user is not valid" name="exporter-payload routes GET /v1/export-certificates/export-payload should return 403 user is not valid" time="0">
    </testcase>
    <testcase classname="exporter-payload routes GET /v1/export-certificates/export-payload should return 500 of there is an error" name="exporter-payload routes GET /v1/export-certificates/export-payload should return 500 of there is an error" time="0">
    </testcase>
    <testcase classname="exporter-payload routes GET /v1/export-certificates/export-payload should return 200 user is valid" name="exporter-payload routes GET /v1/export-certificates/export-payload should return 200 user is valid" time="0.001">
    </testcase>
    <testcase classname="exporter-payload routes GET /v1/export-certificates/export-payload/direct-landings should return 403 user is not valid" name="exporter-payload routes GET /v1/export-certificates/export-payload/direct-landings should return 403 user is not valid" time="0">
    </testcase>
    <testcase classname="exporter-payload routes GET /v1/export-certificates/export-payload/direct-landings should return 500 of there is an error" name="exporter-payload routes GET /v1/export-certificates/export-payload/direct-landings should return 500 of there is an error" time="0">
    </testcase>
    <testcase classname="exporter-payload routes GET /v1/export-certificates/export-payload/direct-landings should return 200 user is valid" name="exporter-payload routes GET /v1/export-certificates/export-payload/direct-landings should return 200 user is valid" time="0">
    </testcase>
    <testcase classname="exporter-payload routes POST /v1/export-certificates/export-payload/validate should return 403 user is not valid" name="exporter-payload routes POST /v1/export-certificates/export-payload/validate should return 403 user is not valid" time="0">
    </testcase>
    <testcase classname="exporter-payload routes POST /v1/export-certificates/export-payload/validate should return 500 of there is an error" name="exporter-payload routes POST /v1/export-certificates/export-payload/validate should return 500 of there is an error" time="0">
    </testcase>
    <testcase classname="exporter-payload routes POST /v1/export-certificates/export-payload/validate should return 200 user is valid" name="exporter-payload routes POST /v1/export-certificates/export-payload/validate should return 200 user is valid" time="0">
    </testcase>
    <testcase classname="exporter-payload routes POST /v1/export-certificates/export-payload/validate/saveAsDraft should return 403 user is not valid" name="exporter-payload routes POST /v1/export-certificates/export-payload/validate/saveAsDraft should return 403 user is not valid" time="0.001">
    </testcase>
    <testcase classname="exporter-payload routes POST /v1/export-certificates/export-payload/validate/saveAsDraft should return 500 of there is an error" name="exporter-payload routes POST /v1/export-certificates/export-payload/validate/saveAsDraft should return 500 of there is an error" time="0">
    </testcase>
    <testcase classname="exporter-payload routes POST /v1/export-certificates/export-payload/validate/saveAsDraft should return 200 user is valid" name="exporter-payload routes POST /v1/export-certificates/export-payload/validate/saveAsDraft should return 200 user is valid" time="0">
    </testcase>
    <testcase classname="exporter-payload routes POST /v1/export-certificates/confirm-change-landings-type should return 200 for a valid landings entry option confirmation" name="exporter-payload routes POST /v1/export-certificates/confirm-change-landings-type should return 200 for a valid landings entry option confirmation" time="0.001">
    </testcase>
    <testcase classname="exporter-payload routes POST /v1/export-certificates/confirm-change-landings-type should redirect 302 to payload.currentUri if the accept header is text/html" name="exporter-payload routes POST /v1/export-certificates/confirm-change-landings-type should redirect 302 to payload.currentUri if the accept header is text/html" time="0">
    </testcase>
    <testcase classname="exporter-payload routes POST /v1/export-certificates/confirm-change-landings-type should return 200 for a valid landings entry option confirmation but not save" name="exporter-payload routes POST /v1/export-certificates/confirm-change-landings-type should return 200 for a valid landings entry option confirmation but not save" time="0.001">
    </testcase>
    <testcase classname="exporter-payload routes POST /v1/export-certificates/confirm-change-landings-type should return 400 if the landingsEntryOptions is invalid" name="exporter-payload routes POST /v1/export-certificates/confirm-change-landings-type should return 400 if the landingsEntryOptions is invalid" time="0">
    </testcase>
    <testcase classname="exporter-payload routes POST /v1/export-certificates/confirm-change-landings-type should return 403 user is not valid" name="exporter-payload routes POST /v1/export-certificates/confirm-change-landings-type should return 403 user is not valid" time="0.001">
    </testcase>
    <testcase classname="exporter-payload routes POST /v1/export-certificates/confirm-change-landings-type should return 500 of there is an error" name="exporter-payload routes POST /v1/export-certificates/confirm-change-landings-type should return 500 of there is an error" time="0">
    </testcase>
    <testcase classname="exporter-payload routes POST /v1/export-certificates/export-payload/product/{productId}/landing should return 400 for a request payload containing a date landed without a year" name="exporter-payload routes POST /v1/export-certificates/export-payload/product/{productId}/landing should return 400 for a request payload containing a date landed without a year" time="0.001">
    </testcase>
    <testcase classname="exporter-payload routes POST /v1/export-certificates/export-payload/product/{productId}/landing should return 400 for a request payload containing an invalid gear category and containing gear type" name="exporter-payload routes POST /v1/export-certificates/export-payload/product/{productId}/landing should return 400 for a request payload containing an invalid gear category and containing gear type" time="0">
    </testcase>
    <testcase classname="exporter-payload routes POST /v1/export-certificates/export-payload/product/{productId}/landing should return 400 for a request payload not containing gear category and containing gear type" name="exporter-payload routes POST /v1/export-certificates/export-payload/product/{productId}/landing should return 400 for a request payload not containing gear category and containing gear type" time="0.001">
    </testcase>
    <testcase classname="exporter-payload routes POST /v1/export-certificates/export-payload/product/{productId}/landing should return 403 user is not valid" name="exporter-payload routes POST /v1/export-certificates/export-payload/product/{productId}/landing should return 403 user is not valid" time="0">
    </testcase>
    <testcase classname="exporter-payload routes POST /v1/export-certificates/export-payload/product/{productId}/landing should return 500 if there is an error" name="exporter-payload routes POST /v1/export-certificates/export-payload/product/{productId}/landing should return 500 if there is an error" time="0.001">
    </testcase>
    <testcase classname="exporter-payload routes POST /v1/export-certificates/export-payload/product/{productId}/landing should return 200 user is valid" name="exporter-payload routes POST /v1/export-certificates/export-payload/product/{productId}/landing should return 200 user is valid" time="0">
    </testcase>
    <testcase classname="exporter-payload routes POST /v1/export-certificates/create should return 403 user is not valid" name="exporter-payload routes POST /v1/export-certificates/create should return 403 user is not valid" time="0.001">
    </testcase>
    <testcase classname="exporter-payload routes POST /v1/export-certificates/create should return 500 and a system error if there is an error" name="exporter-payload routes POST /v1/export-certificates/create should return 500 and a system error if there is an error" time="0">
    </testcase>
    <testcase classname="exporter-payload routes POST /v1/export-certificates/create should return 200 user is valid" name="exporter-payload routes POST /v1/export-certificates/create should return 200 user is valid" time="0.001">
    </testcase>
    <testcase classname="exporter-payload routes PUT /v1/export-certificates/export-payload/product/{productId}/landing/{landingId} should return 403 user is not valid" name="exporter-payload routes PUT /v1/export-certificates/export-payload/product/{productId}/landing/{landingId} should return 403 user is not valid" time="0.001">
    </testcase>
    <testcase classname="exporter-payload routes PUT /v1/export-certificates/export-payload/product/{productId}/landing/{landingId} should return 500 of there is an error" name="exporter-payload routes PUT /v1/export-certificates/export-payload/product/{productId}/landing/{landingId} should return 500 of there is an error" time="0">
    </testcase>
    <testcase classname="exporter-payload routes PUT /v1/export-certificates/export-payload/product/{productId}/landing/{landingId} should return 200 user is valid" name="exporter-payload routes PUT /v1/export-certificates/export-payload/product/{productId}/landing/{landingId} should return 200 user is valid" time="0.001">
    </testcase>
    <testcase classname="exporter-payload routes DELETE /v1/export-certificates/export-payload/product/{productId}/landing/{landingId} should return 403 user is not valid" name="exporter-payload routes DELETE /v1/export-certificates/export-payload/product/{productId}/landing/{landingId} should return 403 user is not valid" time="0">
    </testcase>
    <testcase classname="exporter-payload routes DELETE /v1/export-certificates/export-payload/product/{productId}/landing/{landingId} should return 500 of there is an error" name="exporter-payload routes DELETE /v1/export-certificates/export-payload/product/{productId}/landing/{landingId} should return 500 of there is an error" time="0.001">
    </testcase>
    <testcase classname="exporter-payload routes DELETE /v1/export-certificates/export-payload/product/{productId}/landing/{landingId} should return 200 user is valid" name="exporter-payload routes DELETE /v1/export-certificates/export-payload/product/{productId}/landing/{landingId} should return 200 user is valid" time="0">
    </testcase>
    <testcase classname="exporter-payload routes DELETE /v1/export-certificates/export-payload/product/{productId} should return 403 user is not valid" name="exporter-payload routes DELETE /v1/export-certificates/export-payload/product/{productId} should return 403 user is not valid" time="0">
    </testcase>
    <testcase classname="exporter-payload routes DELETE /v1/export-certificates/export-payload/product/{productId} should return 500 of there is an error" name="exporter-payload routes DELETE /v1/export-certificates/export-payload/product/{productId} should return 500 of there is an error" time="0.001">
    </testcase>
    <testcase classname="exporter-payload routes DELETE /v1/export-certificates/export-payload/product/{productId} should return 200 user is valid" name="exporter-payload routes DELETE /v1/export-certificates/export-payload/product/{productId} should return 200 user is valid" time="0">
    </testcase>
  </testsuite>
  <testsuite name="getDocument" errors="0" failures="0" skipped="0" timestamp="2026-08-10T14:32:18" time="0.521" tests="77">
    <testcase classname="getDocument will return a document if a match exists" name="getDocument will return a document if a match exists" time="0.008">
    </testcase>
    <testcase classname="getDocument will return null if no document can be found" name="getDocument will return null if no document can be found" time="0.001">
    </testcase>
    <testcase classname="getDraft should return draft data if it exists with a document number" name="getDraft should return draft data if it exists with a document number" time="0.003">
    </testcase>
    <testcase classname="createDraft will create a new draft in the system" name="createDraft will create a new draft in the system" time="0.003">
    </testcase>
    <testcase classname="getDraftData should get draft data if it exists" name="getDraftData should get draft data if it exists" time="0.003">
    </testcase>
    <testcase classname="getDraftData should return the default value if the draft does not contain the specified path" name="getDraftData should return the default value if the draft does not contain the specified path" time="0.002">
    </testcase>
    <testcase classname="getDraftData should return the default value if no drafts exist" name="getDraftData should return the default value if no drafts exist" time="0.001">
    </testcase>
    <testcase classname="getDraftData should return a default value of {} if one is not specified" name="getDraftData should return a default value of {} if one is not specified" time="0.002">
    </testcase>
    <testcase classname="upsertDraftDataForStorageDocuments if no drafts already exist should create a new draft document if no path or payload are provided" name="upsertDraftDataForStorageDocuments if no drafts already exist should create a new draft document if no path or payload are provided" time="0.004">
    </testcase>
    <testcase classname="upsertDraftDataForStorageDocuments if no drafts already exist should create and populate a new draft document if a path and payload are provided" name="upsertDraftDataForStorageDocuments if no drafts already exist should create and populate a new draft document if a path and payload are provided" time="0.004">
    </testcase>
    <testcase classname="upsertDraftDataForStorageDocuments if a draft already exists should be able to add to the draft data" name="upsertDraftDataForStorageDocuments if a draft already exists should be able to add to the draft data" time="0.004">
    </testcase>
    <testcase classname="upsertDraftDataForStorageDocuments if a draft already exists should be able to overwrite the draft data" name="upsertDraftDataForStorageDocuments if a draft already exists should be able to overwrite the draft data" time="0.004">
    </testcase>
    <testcase classname="upsertDraftDataForStorageDocuments should throw an error if a payload is present but no path" name="upsertDraftDataForStorageDocuments should throw an error if a payload is present but no path" time="0.007">
    </testcase>
    <testcase classname="upsertDraftDataForStorageDocuments should not throw an error if a path is present but no payload" name="upsertDraftDataForStorageDocuments should not throw an error if a path is present but no payload" time="0.002">
    </testcase>
    <testcase classname="upsertDraftDataForStorageDocuments should omit any undefined values" name="upsertDraftDataForStorageDocuments should omit any undefined values" time="0.001">
    </testcase>
    <testcase classname="getDraftDocumentHeaders should return a draft if one is present" name="getDraftDocumentHeaders should return a draft if one is present" time="0.002">
    </testcase>
    <testcase classname="getDraftDocumentHeaders should return null if no drafts are present" name="getDraftDocumentHeaders should return null if no drafts are present" time="0.003">
    </testcase>
    <testcase classname="getDraftDocumentHeaders should return only drafts for the specified user" name="getDraftDocumentHeaders should return only drafts for the specified user" time="0.003">
    </testcase>
    <testcase classname="getDraftDocumentHeaders should return all drafts for the specified user" name="getDraftDocumentHeaders should return all drafts for the specified user" time="0.004">
    </testcase>
    <testcase classname="getDraftDocumentHeaders should return all DRAFTS for a user with the correct user reference" name="getDraftDocumentHeaders should return all DRAFTS for a user with the correct user reference" time="0.004">
    </testcase>
    <testcase classname="getDraftDocumentHeaders should return drafts in createdAt descending order" name="getDraftDocumentHeaders should return drafts in createdAt descending order" time="0.003">
    </testcase>
    <testcase classname="getAllStorageDocsForUserByYearAndMonth should return documents for the given user, year, and month" name="getAllStorageDocsForUserByYearAndMonth should return documents for the given user, year, and month" time="0.003">
    </testcase>
    <testcase classname="getAllStorageDocsForUserByYearAndMonth should not return draft or void documents" name="getAllStorageDocsForUserByYearAndMonth should not return draft or void documents" time="0.002">
    </testcase>
    <testcase classname="getAllStorageDocsForUserByYearAndMonth should return all completed storage documents within the specified month and year with user references" name="getAllStorageDocsForUserByYearAndMonth should return all completed storage documents within the specified month and year with user references" time="0.004">
    </testcase>
    <testcase classname="getAllStorageDocsForUserByYearAndMonth should return all completed storage documents in createdAt descending order" name="getAllStorageDocsForUserByYearAndMonth should return all completed storage documents in createdAt descending order" time="0.003">
    </testcase>
    <testcase classname="completeDraft should complete a draft certificate" name="completeDraft should complete a draft certificate" time="0.004">
    </testcase>
    <testcase classname="completeDraft should do nothing to a complete certificate" name="completeDraft should do nothing to a complete certificate" time="0.003">
    </testcase>
    <testcase classname="completeDraft should not upsert if no document is found" name="completeDraft should not upsert if no document is found" time="0.001">
    </testcase>
    <testcase classname="deleteDraft will delete a users draft if they have one" name="deleteDraft will delete a users draft if they have one" time="0.006">
    </testcase>
    <testcase classname="deleteDraft will not delete a users draft if they do not have one" name="deleteDraft will not delete a users draft if they do not have one" time="0.003">
    </testcase>
    <testcase classname="voidStorageDocument will void the Processing Statement matching the given document number" name="voidStorageDocument will void the Processing Statement matching the given document number" time="0.001">
    </testcase>
    <testcase classname="voidStorageDocument will throw an error if the Processing Statement can not be void" name="voidStorageDocument will throw an error if the Processing Statement can not be void" time="0">
    </testcase>
    <testcase classname="checkDocument will return a document if a match exists" name="checkDocument will return a document if a match exists" time="0.002">
    </testcase>
    <testcase classname="checkDocument will return null if no document can be found" name="checkDocument will return null if no document can be found" time="0.001">
    </testcase>
    <testcase classname="checkDocument will return false when draft threshold is reached" name="checkDocument will return false when draft threshold is reached" time="0.002">
    </testcase>
    <testcase classname="GetExporterDetails will return null if no draft is found" name="GetExporterDetails will return null if no draft is found" time="0">
    </testcase>
    <testcase classname="GetExporterDetails will return null if the draft has no exporter" name="GetExporterDetails will return null if the draft has no exporter" time="0">
    </testcase>
    <testcase classname="GetExporterDetails will return a mapped exporter if the draft has an exporter" name="GetExporterDetails will return a mapped exporter if the draft has an exporter" time="0.001">
    </testcase>
[...]
    </testcase>
    <testcase classname=" should be able to create full mock object" name=" should be able to create full mock object" time="0">
    </testcase>
  </testsuite>
  <testsuite name="When mapping from a front end Conservation to a back end Conservation" errors="0" failures="0" skipped="0" timestamp="2026-08-10T14:32:36" time="0.014" tests="1">
    <testcase classname="When mapping from a front end Conservation to a back end Conservation will just contain the conservation reference" name="When mapping from a front end Conservation to a back end Conservation will just contain the conservation reference" time="0">
    </testcase>
  </testsuite>
  <testsuite name="acceptsSortSite" errors="0" failures="0" skipped="0" timestamp="2026-08-10T14:32:36" time="0.014" tests="2">
    <testcase classname="acceptsSortSite should return true when accept headers has valid mime types" name="acceptsSortSite should return true when accept headers has valid mime types" time="0.001">
    </testcase>
    <testcase classname="acceptsSortSite should return false when accept headers are missing" name="acceptsSortSite should return false when accept headers are missing" time="0">
    </testcase>
  </testsuite>
  <testsuite name="Export Location - saveAsDraft validation" errors="0" failures="0" skipped="0" timestamp="2026-08-10T14:32:36" time="0.026" tests="30">
    <testcase classname="Export Location - saveAsDraft validation pointOfDestination - optional field validation should accept empty string" name="Export Location - saveAsDraft validation pointOfDestination - optional field validation should accept empty string" time="0">
    </testcase>
    <testcase classname="Export Location - saveAsDraft validation pointOfDestination - optional field validation should accept null value" name="Export Location - saveAsDraft validation pointOfDestination - optional field validation should accept null value" time="0">
    </testcase>
    <testcase classname="Export Location - saveAsDraft validation pointOfDestination - optional field validation should be optional - missing field should pass validation" name="Export Location - saveAsDraft validation pointOfDestination - optional field validation should be optional - missing field should pass validation" time="0">
    </testcase>
    <testcase classname="Export Location - saveAsDraft validation pointOfDestination - valid pattern acceptance should accept pointOfDestination with ONLY alphanumeric characters" name="Export Location - saveAsDraft validation pointOfDestination - valid pattern acceptance should accept pointOfDestination with ONLY alphanumeric characters" time="0.001">
    </testcase>
    <testcase classname="Export Location - saveAsDraft validation pointOfDestination - valid pattern acceptance should accept pointOfDestination with ONLY numbers" name="Export Location - saveAsDraft validation pointOfDestination - valid pattern acceptance should accept pointOfDestination with ONLY numbers" time="0">
    </testcase>
    <testcase classname="Export Location - saveAsDraft validation pointOfDestination - valid pattern acceptance should accept pointOfDestination with alphanumeric and hyphens" name="Export Location - saveAsDraft validation pointOfDestination - valid pattern acceptance should accept pointOfDestination with alphanumeric and hyphens" time="0">
    </testcase>
    <testcase classname="Export Location - saveAsDraft validation pointOfDestination - valid pattern acceptance should accept pointOfDestination with alphanumeric and apostrophes" name="Export Location - saveAsDraft validation pointOfDestination - valid pattern acceptance should accept pointOfDestination with alphanumeric and apostrophes" time="0">
    </testcase>
    <testcase classname="Export Location - saveAsDraft validation pointOfDestination - valid pattern acceptance should accept pointOfDestination with combination of alphanumeric, hyphens, and apostrophes" name="Export Location - saveAsDraft validation pointOfDestination - valid pattern acceptance should accept pointOfDestination with combination of alphanumeric, hyphens, and apostrophes" time="0">
    </testcase>
    <testcase classname="Export Location - saveAsDraft validation pointOfDestination - with spaces and slashes should accept pointOfDestination with spaces" name="Export Location - saveAsDraft validation pointOfDestination - with spaces and slashes should accept pointOfDestination with spaces" time="0">
    </testcase>
    <testcase classname="Export Location - saveAsDraft validation pointOfDestination - with spaces and slashes should accept pointOfDestination with slashes" name="Export Location - saveAsDraft validation pointOfDestination - with spaces and slashes should accept pointOfDestination with slashes" time="0">
    </testcase>
    <testcase classname="Export Location - saveAsDraft validation pointOfDestination - with spaces and slashes should accept pointOfDestination with complex valid pattern" name="Export Location - saveAsDraft validation pointOfDestination - with spaces and slashes should accept pointOfDestination with complex valid pattern" time="0.001">
    </testcase>
    <testcase classname="Export Location - saveAsDraft validation pointOfDestination - with spaces and slashes should accept pointOfDestination with alphanumeric and space" name="Export Location - saveAsDraft validation pointOfDestination - with spaces and slashes should accept pointOfDestination with alphanumeric and space" time="0">
    </testcase>
    <testcase classname="Export Location - saveAsDraft validation pointOfDestination - with spaces and slashes should accept pointOfDestination with mixed characters including slash" name="Export Location - saveAsDraft validation pointOfDestination - with spaces and slashes should accept pointOfDestination with mixed characters including slash" time="0">
    </testcase>
    <testcase classname="Export Location - saveAsDraft validation pointOfDestination - length validation should reject pointOfDestination exceeding 100 characters" name="Export Location - saveAsDraft validation pointOfDestination - length validation should reject pointOfDestination exceeding 100 characters" time="0">
    </testcase>
    <testcase classname="Export Location - saveAsDraft validation pointOfDestination - length validation should accept pointOfDestination at 100 character boundary" name="Export Location - saveAsDraft validation pointOfDestination - length validation should accept pointOfDestination at 100 character boundary" time="0">
    </testcase>
    <testcase classname="Export Location - saveAsDraft validation pointOfDestination - length validation should accept 100 characters with spaces" name="Export Location - saveAsDraft validation pointOfDestination - length validation should accept 100 characters with spaces" time="0">
    </testcase>
    <testcase classname="Export Location - saveAsDraft validation pointOfDestination - trim behavior should trim leading and trailing whitespace" name="Export Location - saveAsDraft validation pointOfDestination - trim behavior should trim leading and trailing whitespace" time="0">
    </testcase>
    <testcase classname="Export Location - saveAsDraft validation pointOfDestination - trim behavior should trim tabs and newlines" name="Export Location - saveAsDraft validation pointOfDestination - trim behavior should trim tabs and newlines" time="0">
    </testcase>
    <testcase classname="Export Location - saveAsDraft validation pointOfDestination - regex validation should accept valid characters: alphanumeric, hyphens, apostrophes, spaces, slashes" name="Export Location - saveAsDraft validation pointOfDestination - regex validation should accept valid characters: alphanumeric, hyphens, apostrophes, spaces, slashes" time="0">
    </testcase>
    <testcase classname="Export Location - saveAsDraft validation pointOfDestination - regex validation should reject invalid characters like @ # $ %" name="Export Location - saveAsDraft validation pointOfDestination - regex validation should reject invalid characters like @ # $ %" time="0.001">
    </testcase>
    <testcase classname="Export Location - saveAsDraft validation pointOfDestination - regex validation should reject special characters" name="Export Location - saveAsDraft validation pointOfDestination - regex validation should reject special characters" time="0">
    </testcase>
    <testcase classname="Export Location - saveAsDraft validation pointOfDestination - edge cases should accept single character" name="Export Location - saveAsDraft validation pointOfDestination - edge cases should accept single character" time="0">
    </testcase>
    <testcase classname="Export Location - saveAsDraft validation pointOfDestination - edge cases should accept single hyphen" name="Export Location - saveAsDraft validation pointOfDestination - edge cases should accept single hyphen" time="0">
    </testcase>
    <testcase classname="Export Location - saveAsDraft validation pointOfDestination - edge cases should accept single apostrophe" name="Export Location - saveAsDraft validation pointOfDestination - edge cases should accept single apostrophe" time="0">
    </testcase>
    <testcase classname="Export Location - saveAsDraft validation pointOfDestination - edge cases should trim single space to empty string" name="Export Location - saveAsDraft validation pointOfDestination - edge cases should trim single space to empty string" time="0">
    </testcase>
    <testcase classname="Export Location - saveAsDraft validation pointOfDestination - edge cases should accept single slash" name="Export Location - saveAsDraft validation pointOfDestination - edge cases should accept single slash" time="0">
    </testcase>
    <testcase classname="Export Location - exportDestination emoji validation (Issue 3) detects emoji in exportDestination value" name="Export Location - exportDestination emoji validation (Issue 3) detects emoji in exportDestination value" time="0">
    </testcase>
    <testcase classname="Export Location - exportDestination emoji validation (Issue 3) detects mixed text and emoji in exportDestination value" name="Export Location - exportDestination emoji validation (Issue 3) detects mixed text and emoji in exportDestination value" time="0">
    </testcase>
    <testcase classname="Export Location - exportDestination emoji validation (Issue 3) does not flag plain country name as containing emoji" name="Export Location - exportDestination emoji validation (Issue 3) does not flag plain country name as containing emoji" time="0">
    </testcase>
    <testcase classname="Export Location - exportDestination emoji validation (Issue 3) does not flag empty string as containing emoji" name="Export Location - exportDestination emoji validation (Issue 3) does not flag empty string as containing emoji" time="0">
    </testcase>
  </testsuite>
  <testsuite name="PresentationStateService" errors="0" failures="0" skipped="0" timestamp="2026-08-10T14:32:36" time="0.014" tests="1">
    <testcase classname="PresentationStateService getPS" name="PresentationStateService getPS" time="0">
    </testcase>
  </testsuite>
  <testsuite name="PresentationStateController.getPS()" errors="0" failures="0" skipped="0" timestamp="2026-08-10T14:32:36" time="0.015" tests="2">
    <testcase classname="PresentationStateController.getPS() should redirect with the correct param" name="PresentationStateController.getPS() should redirect with the correct param" time="0.001">
    </testcase>
    <testcase classname="PresentationStateController.getPS() should return the results" name="PresentationStateController.getPS() should return the results" time="0">
    </testcase>
  </testsuite>
  <testsuite name="utils" errors="0" failures="0" skipped="0" timestamp="2026-08-10T14:32:36" time="0.015" tests="10">
    <testcase classname="utils will return a random number of 10 digits" name="utils will return a random number of 10 digits" time="0">
    </testcase>
    <testcase classname="utils returns a real 10 digit number when unmocked" name="utils returns a real 10 digit number when unmocked" time="0.001">
    </testcase>
    <testcase classname="utils should return an array of FAO Area codes with exactly 19 items" name="utils should return an array of FAO Area codes with exactly 19 items" time="0">
    </testcase>
    <testcase classname="utils valueOrDefault returns value when the condition parameter is true" name="utils valueOrDefault returns value when the condition parameter is true" time="0">
    </testcase>
    <testcase classname="utils valueOrDefault returns default value when the condition parameter is false" name="utils valueOrDefault returns default value when the condition parameter is false" time="0">
    </testcase>
    <testcase classname="utils valueOrDefault returns undefined when no default value is passed and condition parameter is false" name="utils valueOrDefault returns undefined when no default value is passed and condition parameter is false" time="0">
    </testcase>
    <testcase classname="utils hasValue returns true for for values other than null or undefined" name="utils hasValue returns true for for values other than null or undefined" time="0">
    </testcase>
    <testcase classname="utils hasValue returns false for undefined" name="utils hasValue returns false for undefined" time="0">
    </testcase>
    <testcase classname="utils hasValue returns false for null" name="utils hasValue returns false for null" time="0.001">
    </testcase>
    <testcase classname="utils nonJSInputHistory pushes only non-empty tracked fields onto transportDetails with a temp-prefixed field name" name="utils nonJSInputHistory pushes only non-empty tracked fields onto transportDetails with a temp-prefixed field name" time="0">
    </testcase>
  </testsuite>
  <testsuite name="invalidErrorMessage" errors="0" failures="0" skipped="0" timestamp="2026-08-10T14:32:36" time="0.017" tests="28">
    <testcase classname="invalidErrorMessage should return correct error message format for invalid field" name="invalidErrorMessage should return correct error message format for invalid field" time="0">
    </testcase>
    <testcase classname="invalidErrorMessage should handle field names with special characters" name="invalidErrorMessage should handle field names with special characters" time="0">
    </testcase>
    <testcase classname="invalidErrorMessage should handle empty string" name="invalidErrorMessage should handle empty string" time="0">
    </testcase>
    <testcase classname="cannotReachErrorMessage should return correct error message format for unreachable field" name="cannotReachErrorMessage should return correct error message format for unreachable field" time="0">
    </testcase>
    <testcase classname="cannotReachErrorMessage should handle field names with spaces" name="cannotReachErrorMessage should handle field names with spaces" time="0">
    </testcase>
    <testcase classname="cannotReachErrorMessage should handle empty string" name="cannotReachErrorMessage should handle empty string" time="0">
    </testcase>
    <testcase classname="buildErrorDetails should build error details with correct structure" name="buildErrorDetails should build error details with correct structure" time="0">
    </testcase>
    <testcase classname="buildErrorDetails should handle complex error messages" name="buildErrorDetails should handle complex error messages" time="0">
    </testcase>
    <testcase classname="buildErrorDetails should handle empty field name" name="buildErrorDetails should handle empty field name" time="0">
    </testcase>
    <testcase classname="buildErrorDetails should handle empty error message" name="buildErrorDetails should handle empty error message" time="0">
    </testcase>
    <testcase classname="buildErrorForClient should build error object with correct structure" name="buildErrorForClient should build error object with correct structure" time="0.001">
    </testcase>
    <testcase classname="buildErrorForClient should create error with validation failure message" name="buildErrorForClient should create error with validation failure message" time="0">
    </testcase>
    <testcase classname="buildErrorForClient should handle empty strings" name="buildErrorForClient should handle empty strings" time="0">
    </testcase>
    <testcase classname="buildErrorForClient should create error with long error message" name="buildErrorForClient should create error with long error message" time="0">
    </testcase>
    <testcase classname="combineValidationErrors should return null for empty array" name="combineValidationErrors should return null for empty array" time="0">
    </testcase>
    <testcase classname="combineValidationErrors should return single error unchanged" name="combineValidationErrors should return single error unchanged" time="0">
    </testcase>
    <testcase classname="combineValidationErrors should combine multiple errors into one" name="combineValidationErrors should combine multiple errors into one" time="0">
    </testcase>
    <testcase classname="combineValidationErrors should combine three errors" name="combineValidationErrors should combine three errors" time="0">
    </testcase>
    <testcase classname="combineValidationErrors should handle errors with multiple details each" name="combineValidationErrors should handle errors with multiple details each" time="0">
    </testcase>
    <testcase classname="mergeSchemaAndValidationErrors should return null when no errors" name="mergeSchemaAndValidationErrors should return null when no errors" time="0">
    </testcase>
    <testcase classname="mergeSchemaAndValidationErrors should return null when schema error is undefined and validation errors is empty" name="mergeSchemaAndValidationErrors should return null when schema error is undefined and validation errors is empty" time="0">
    </testcase>
    <testcase classname="mergeSchemaAndValidationErrors should return schema error when no validation errors" name="mergeSchemaAndValidationErrors should return schema error when no validation errors" time="0">
    </testcase>
    <testcase classname="mergeSchemaAndValidationErrors should return combined validation errors when no schema error" name="mergeSchemaAndValidationErrors should return combined validation errors when no schema error" time="0">
    </testcase>
    <testcase classname="mergeSchemaAndValidationErrors should merge schema error and validation errors" name="mergeSchemaAndValidationErrors should merge schema error and validation errors" time="0">
    </testcase>
    <testcase classname="mergeSchemaAndValidationErrors should handle single validation error without schema error" name="mergeSchemaAndValidationErrors should handle single validation error without schema error" time="0">
    </testcase>
    <testcase classname="mergeSchemaAndValidationErrors should handle multiple details in validation errors" name="mergeSchemaAndValidationErrors should handle multiple details in validation errors" time="0">
    </testcase>
    <testcase classname="mergeSchemaAndValidationErrors should handle empty validation errors array with schema error" name="mergeSchemaAndValidationErrors should handle empty validation errors array with schema error" time="0">
    </testcase>
    <testcase classname="mergeSchemaAndValidationErrors should maintain reference to original schema error object" name="mergeSchemaAndValidationErrors should maintain reference to original schema error object" time="0">
    </testcase>
  </testsuite>
  <testsuite name="home handler" errors="0" failures="0" skipped="0" timestamp="2026-08-10T14:32:36" time="0.013" tests="1">
    <testcase classname="home handler returns errors and next" name="home handler returns errors and next" time="0">
    </testcase>
  </testsuite>
</testsuites>